Traceback (most recent call last):
  File "C:\Users\HP\AppData\Local\Programs\Python\Python313\Lib\site-packages\jupyter_core\utils\__init__.py", line 154, in wrapped
    asyncio.get_running_loop()
    ~~~~~~~~~~~~~~~~~~~~~~~~^^
RuntimeError: no running event loop

During handling of the above exception, another exception occurred:

Traceback (most recent call last):
  File "C:\Users\HP\AppData\Local\Programs\Python\Python313\Lib\site-packages\jupyter_cache\executors\utils.py", line 58, in single_nb_execution
    executenb(
    ~~~~~~~~~^
        nb,
        ^^^
    ...<4 lines>...
        **kwargs,
        ^^^^^^^^^
    )
    ^
  File "C:\Users\HP\AppData\Local\Programs\Python\Python313\Lib\site-packages\nbclient\client.py", line 1319, in execute
    return NotebookClient(nb=nb, resources=resources, km=km, **kwargs).execute()
           ~~~~~~~~~~~~~~~~~~~~~~~~~~~~~~~~~~~~~~~~~~~~~~~~~~~~~~~~~~~~~~~~~~~^^
  File "C:\Users\HP\AppData\Local\Programs\Python\Python313\Lib\site-packages\jupyter_core\utils\__init__.py", line 158, in wrapped
    return loop.run_until_complete(inner)
           ~~~~~~~~~~~~~~~~~~~~~~~^^^^^^^
  File "C:\Users\HP\AppData\Local\Programs\Python\Python313\Lib\asyncio\base_events.py", line 719, in run_until_complete
    return future.result()
           ~~~~~~~~~~~~~^^
  File "C:\Users\HP\AppData\Local\Programs\Python\Python313\Lib\site-packages\nbclient\client.py", line 709, in async_execute
    await self.async_execute_cell(
        cell, index, execution_count=self.code_cells_executed + 1
    )
  File "C:\Users\HP\AppData\Local\Programs\Python\Python313\Lib\site-packages\nbclient\client.py", line 1062, in async_execute_cell
    await self._check_raise_for_error(cell, cell_index, exec_reply)
  File "C:\Users\HP\AppData\Local\Programs\Python\Python313\Lib\site-packages\nbclient\client.py", line 918, in _check_raise_for_error
    raise CellExecutionError.from_cell_and_msg(cell, exec_reply_content)
nbclient.exceptions.CellExecutionError: An error occurred while executing the following cell:
------------------
import requests
import pandas as pd
import os

# Ganti dengan API Key Anda
api_key = "31165f19586d9d01f2baf6f5ff3565c5"
# Variasi kata kunci (dikurangi untuk menghindari timeout)
keywords = ["web mining", "data mining"]

# Check if file already exists to avoid re-crawling during builds
if os.path.exists('hasil_crawling.csv'):
    print("File hasil_crawling.csv sudah ada. Menggunakan data yang tersimpan.")
    df = pd.read_csv('hasil_crawling.csv')
    print(f"Data berhasil dimuat: {len(df)} records")
else:
    results = []
    
    for keyword in keywords:
        try:
            url = "https://api.springernature.com/meta/v2/json"
            params = {
                "q": keyword,  
                "api_key": api_key,
                "p": 5  # Dikurangi dari 10 ke 5 untuk mengurangi waktu eksekusi
            }

            response = requests.get(url, params=params, timeout=10)

            if response.status_code == 200:
                data = response.json()
                records = data.get('records', [])

                for record in records:
                    doi = record.get('doi', 'No DOI')
                    title = record.get('title', 'No Title')
                    abstract = record.get('abstract', 'No Abstract')

                    results.append({
                        'Keyword': keyword,
                        'DOI': doi,
                        'Title': title,
                        'Abstract': abstract
                    })
            else:
                print(f"Error for keyword '{keyword}':", response.status_code)
                
        except requests.exceptions.Timeout:
            print(f"Timeout untuk keyword '{keyword}' - melanjutkan ke keyword berikutnya")
        except Exception as e:
            print(f"Error untuk keyword '{keyword}': {str(e)}")

    df = pd.DataFrame(results)
    
    if not df.empty:
        df.to_csv('hasil_crawling.csv', index=False)
        print(f"Data telah disimpan ke hasil_crawling.csv: {len(df)} records")
    else:
        print("Tidak ada data yang berhasil di-crawl")
------------------


[31m---------------------------------------------------------------------------[39m
[31mModuleNotFoundError[39m                       Traceback (most recent call last)
[36mCell[39m[36m [39m[32mIn[2][39m[32m, line 2[39m
[32m      1[39m [38;5;28;01mimport[39;00m[38;5;250m [39m[34;01mrequests[39;00m
[32m----> [39m[32m2[39m [38;5;28;01mimport[39;00m[38;5;250m [39m[34;01mpandas[39;00m[38;5;250m [39m[38;5;28;01mas[39;00m[38;5;250m [39m[34;01mpd[39;00m
[32m      3[39m [38;5;28;01mimport[39;00m[38;5;250m [39m[34;01mos[39;00m
[32m      5[39m [38;5;66;03m# Ganti dengan API Key Anda[39;00m

[31mModuleNotFoundError[39m: No module named 'pandas'

